-------------------------------------------------------------------------------
Test set: runner.FailedRunner
-------------------------------------------------------------------------------
Tests run: 7, Failures: 0, Errors: 2, Skipped: 5, Time elapsed: 0.016 sec <<< FAILURE! - in runner.FailedRunner
Given I open chrome browser(Scenario: login using invalid credentials)  Time elapsed: 0 sec  <<< ERROR!
java.lang.NoSuchMethodError: org.openqa.selenium.os.CommandLine.find(Ljava/lang/String;)Ljava/lang/String;
	at org.openqa.selenium.phantomjs.PhantomJSDriverService.findPhantomJS(PhantomJSDriverService.java:232)
	at org.openqa.selenium.phantomjs.PhantomJSDriverService.createDefaultService(PhantomJSDriverService.java:181)
	at org.openqa.selenium.phantomjs.PhantomJSDriver.<init>(PhantomJSDriver.java:104)
	at org.openqa.selenium.phantomjs.PhantomJSDriver.<init>(PhantomJSDriver.java:94)
	at utilities.BaseClass.openBrowser(BaseClass.java:15)
	at stepDefinition.LoginTest.i_open_chrome_browser(LoginTest.java:15)
	at ✽.Given I open chrome browser(feature/Login.feature:14)

Scenario: login using invalid credentials  Time elapsed: 0.001 sec  <<< ERROR!
java.lang.NoSuchMethodError: org.openqa.selenium.os.CommandLine.find(Ljava/lang/String;)Ljava/lang/String;
	at org.openqa.selenium.phantomjs.PhantomJSDriverService.findPhantomJS(PhantomJSDriverService.java:232)
	at org.openqa.selenium.phantomjs.PhantomJSDriverService.createDefaultService(PhantomJSDriverService.java:181)
	at org.openqa.selenium.phantomjs.PhantomJSDriver.<init>(PhantomJSDriver.java:104)
	at org.openqa.selenium.phantomjs.PhantomJSDriver.<init>(PhantomJSDriver.java:94)
	at utilities.BaseClass.openBrowser(BaseClass.java:15)
	at stepDefinition.LoginTest.i_open_chrome_browser(LoginTest.java:15)
	at ✽.Given I open chrome browser(feature/Login.feature:14)

