<?xml version="1.0" encoding="UTF-8"?>
<testsuite name="runner.TestRunner" time="0.021" tests="7" errors="2" skipped="5" failures="0">
  <properties>
[...]
</properties>
  <testcase name="Given I open chrome browser" classname="Scenario: login using invalid credentials" time="0.01">
    <error message="org.openqa.selenium.os.CommandLine.find(Ljava/lang/String;)Ljava/lang/String;" type="java.lang.NoSuchMethodError"><![CDATA[java.lang.NoSuchMethodError: org.openqa.selenium.os.CommandLine.find(Ljava/lang/String;)Ljava/lang/String;
	at org.openqa.selenium.phantomjs.PhantomJSDriverService.findPhantomJS(PhantomJSDriverService.java:232)
	at org.openqa.selenium.phantomjs.PhantomJSDriverService.createDefaultService(PhantomJSDriverService.java:181)
	at org.openqa.selenium.phantomjs.PhantomJSDriver.<init>(PhantomJSDriver.java:104)
	at org.openqa.selenium.phantomjs.PhantomJSDriver.<init>(PhantomJSDriver.java:94)
	at utilities.BaseClass.openBrowser(BaseClass.java:15)
	at stepDefinition.LoginTest.i_open_chrome_browser(LoginTest.java:15)
	at ✽.Given I open chrome browser(feature/Login.feature:14)
]]></error>
    <system-out><![CDATA[Feature: Test Salesforce login functionality
  I want to use this feature file to test the login functionaility of our salesforce application.
]]></system-out>
  </testcase>
  <testcase name="Scenario: login using invalid credentials" classname="Scenario: login using invalid credentials" time="0.011">
    <error message="org.openqa.selenium.os.CommandLine.find(Ljava/lang/String;)Ljava/lang/String;" type="java.lang.NoSuchMethodError"><![CDATA[java.lang.NoSuchMethodError: org.openqa.selenium.os.CommandLine.find(Ljava/lang/String;)Ljava/lang/String;
	at org.openqa.selenium.phantomjs.PhantomJSDriverService.findPhantomJS(PhantomJSDriverService.java:232)
	at org.openqa.selenium.phantomjs.PhantomJSDriverService.createDefaultService(PhantomJSDriverService.java:181)
	at org.openqa.selenium.phantomjs.PhantomJSDriver.<init>(PhantomJSDriver.java:104)
	at org.openqa.selenium.phantomjs.PhantomJSDriver.<init>(PhantomJSDriver.java:94)
	at utilities.BaseClass.openBrowser(BaseClass.java:15)
	at stepDefinition.LoginTest.i_open_chrome_browser(LoginTest.java:15)
	at ✽.Given I open chrome browser(feature/Login.feature:14)
]]></error>
  </testcase>
  <testcase name="And I go to salesforce home page" classname="Scenario: login using invalid credentials" time="0">
    <skipped/>
  </testcase>
  <testcase name="And I enter username as &quot;wrongemail@gmail.com.test&quot;" classname="Scenario: login using invalid credentials" time="0">
    <skipped/>
  </testcase>
  <testcase name="And I enter password as &quot;Welcome1&quot;" classname="Scenario: login using invalid credentials" time="0">
    <skipped/>
  </testcase>
  <testcase name="When I click the login button" classname="Scenario: login using invalid credentials" time="0">
    <skipped/>
  </testcase>
  <testcase name="Then I should see an error message" classname="Scenario: login using invalid credentials" time="0">
    <skipped/>
  </testcase>
</testsuite>